CRITICAL - 2020-07-24 01:09:46 --> Too few arguments to function App\Controllers\Settings::get_settings(), 0 passed in C:\OSPanel\OpenServer\domains\helper\app\Controllers\Settings.php on line 92 and exactly 1 expected
#0 C:\OSPanel\OpenServer\domains\helper\app\Controllers\Settings.php(92): App\Controllers\Settings->get_settings()
#1 C:\OSPanel\OpenServer\domains\helper\system\CodeIgniter.php(918): App\Controllers\Settings->desktop()
#2 C:\OSPanel\OpenServer\domains\helper\system\CodeIgniter.php(404): CodeIgniter\CodeIgniter->runController(Object(App\Controllers\Settings))
#3 C:\OSPanel\OpenServer\domains\helper\system\CodeIgniter.php(312): CodeIgniter\CodeIgniter->handleRequest(NULL, Object(Config\Cache), false)
#4 C:\OSPanel\OpenServer\domains\helper\index.php(45): CodeIgniter\CodeIgniter->run()
#5 {main}
CRITICAL - 2020-07-24 01:11:45 --> explode() expects parameter 2 to be string, array given
#0 [internal function]: CodeIgniter\Debug\Exceptions->errorHandler(2, 'explode() expec...', 'C:\\OSPanel\\Open...', 39, Array)
#1 C:\OSPanel\OpenServer\domains\helper\app\Views\settings\desktop.php(39): explode(';', Array)
#2 C:\OSPanel\OpenServer\domains\helper\system\View\View.php(246): include('C:\\OSPanel\\Open...')
#3 C:\OSPanel\OpenServer\domains\helper\system\Common.php(1119): CodeIgniter\View\View->render('settings/deskto...', Array, true)
#4 C:\OSPanel\OpenServer\domains\helper\app\Controllers\Settings.php(99): view('settings/deskto...', Array)
#5 C:\OSPanel\OpenServer\domains\helper\system\CodeIgniter.php(918): App\Controllers\Settings->desktop()
#6 C:\OSPanel\OpenServer\domains\helper\system\CodeIgniter.php(404): CodeIgniter\CodeIgniter->runController(Object(App\Controllers\Settings))
#7 C:\OSPanel\OpenServer\domains\helper\system\CodeIgniter.php(312): CodeIgniter\CodeIgniter->handleRequest(NULL, Object(Config\Cache), false)
#8 C:\OSPanel\OpenServer\domains\helper\index.php(45): CodeIgniter\CodeIgniter->run()
#9 {main}
CRITICAL - 2020-07-24 01:11:46 --> explode() expects parameter 2 to be string, array given
#0 [internal function]: CodeIgniter\Debug\Exceptions->errorHandler(2, 'explode() expec...', 'C:\\OSPanel\\Open...', 39, Array)
#1 C:\OSPanel\OpenServer\domains\helper\app\Views\settings\desktop.php(39): explode(';', Array)
#2 C:\OSPanel\OpenServer\domains\helper\system\View\View.php(246): include('C:\\OSPanel\\Open...')
#3 C:\OSPanel\OpenServer\domains\helper\system\Common.php(1119): CodeIgniter\View\View->render('settings/deskto...', Array, true)
#4 C:\OSPanel\OpenServer\domains\helper\app\Controllers\Settings.php(99): view('settings/deskto...', Array)
#5 C:\OSPanel\OpenServer\domains\helper\system\CodeIgniter.php(918): App\Controllers\Settings->desktop()
#6 C:\OSPanel\OpenServer\domains\helper\system\CodeIgniter.php(404): CodeIgniter\CodeIgniter->runController(Object(App\Controllers\Settings))
#7 C:\OSPanel\OpenServer\domains\helper\system\CodeIgniter.php(312): CodeIgniter\CodeIgniter->handleRequest(NULL, Object(Config\Cache), false)
#8 C:\OSPanel\OpenServer\domains\helper\index.php(45): CodeIgniter\CodeIgniter->run()
#9 {main}
CRITICAL - 2020-07-24 01:12:21 --> Invalid argument supplied for foreach()
#0 C:\OSPanel\OpenServer\domains\helper\app\Views\settings\desktop.php(41): CodeIgniter\Debug\Exceptions->errorHandler(2, 'Invalid argumen...', 'C:\\OSPanel\\Open...', 41, Array)
#1 C:\OSPanel\OpenServer\domains\helper\system\View\View.php(246): include('C:\\OSPanel\\Open...')
#2 C:\OSPanel\OpenServer\domains\helper\system\Common.php(1119): CodeIgniter\View\View->render('settings/deskto...', Array, true)
#3 C:\OSPanel\OpenServer\domains\helper\app\Controllers\Settings.php(99): view('settings/deskto...', Array)
#4 C:\OSPanel\OpenServer\domains\helper\system\CodeIgniter.php(918): App\Controllers\Settings->desktop()
#5 C:\OSPanel\OpenServer\domains\helper\system\CodeIgniter.php(404): CodeIgniter\CodeIgniter->runController(Object(App\Controllers\Settings))
#6 C:\OSPanel\OpenServer\domains\helper\system\CodeIgniter.php(312): CodeIgniter\CodeIgniter->handleRequest(NULL, Object(Config\Cache), false)
#7 C:\OSPanel\OpenServer\domains\helper\index.php(45): CodeIgniter\CodeIgniter->run()
#8 {main}
CRITICAL - 2020-07-24 01:12:22 --> Invalid argument supplied for foreach()
#0 C:\OSPanel\OpenServer\domains\helper\app\Views\settings\desktop.php(41): CodeIgniter\Debug\Exceptions->errorHandler(2, 'Invalid argumen...', 'C:\\OSPanel\\Open...', 41, Array)
#1 C:\OSPanel\OpenServer\domains\helper\system\View\View.php(246): include('C:\\OSPanel\\Open...')
#2 C:\OSPanel\OpenServer\domains\helper\system\Common.php(1119): CodeIgniter\View\View->render('settings/deskto...', Array, true)
#3 C:\OSPanel\OpenServer\domains\helper\app\Controllers\Settings.php(99): view('settings/deskto...', Array)
#4 C:\OSPanel\OpenServer\domains\helper\system\CodeIgniter.php(918): App\Controllers\Settings->desktop()
#5 C:\OSPanel\OpenServer\domains\helper\system\CodeIgniter.php(404): CodeIgniter\CodeIgniter->runController(Object(App\Controllers\Settings))
#6 C:\OSPanel\OpenServer\domains\helper\system\CodeIgniter.php(312): CodeIgniter\CodeIgniter->handleRequest(NULL, Object(Config\Cache), false)
#7 C:\OSPanel\OpenServer\domains\helper\index.php(45): CodeIgniter\CodeIgniter->run()
#8 {main}
CRITICAL - 2020-07-24 01:12:40 --> Invalid argument supplied for foreach()
#0 C:\OSPanel\OpenServer\domains\helper\app\Views\settings\desktop.php(41): CodeIgniter\Debug\Exceptions->errorHandler(2, 'Invalid argumen...', 'C:\\OSPanel\\Open...', 41, Array)
#1 C:\OSPanel\OpenServer\domains\helper\system\View\View.php(246): include('C:\\OSPanel\\Open...')
#2 C:\OSPanel\OpenServer\domains\helper\system\Common.php(1119): CodeIgniter\View\View->render('settings/deskto...', Array, true)
#3 C:\OSPanel\OpenServer\domains\helper\app\Controllers\Settings.php(100): view('settings/deskto...', Array)
#4 C:\OSPanel\OpenServer\domains\helper\system\CodeIgniter.php(918): App\Controllers\Settings->desktop()
#5 C:\OSPanel\OpenServer\domains\helper\system\CodeIgniter.php(404): CodeIgniter\CodeIgniter->runController(Object(App\Controllers\Settings))
#6 C:\OSPanel\OpenServer\domains\helper\system\CodeIgniter.php(312): CodeIgniter\CodeIgniter->handleRequest(NULL, Object(Config\Cache), false)
#7 C:\OSPanel\OpenServer\domains\helper\index.php(45): CodeIgniter\CodeIgniter->run()
#8 {main}
CRITICAL - 2020-07-24 01:12:41 --> Invalid argument supplied for foreach()
#0 C:\OSPanel\OpenServer\domains\helper\app\Views\settings\desktop.php(41): CodeIgniter\Debug\Exceptions->errorHandler(2, 'Invalid argumen...', 'C:\\OSPanel\\Open...', 41, Array)
#1 C:\OSPanel\OpenServer\domains\helper\system\View\View.php(246): include('C:\\OSPanel\\Open...')
#2 C:\OSPanel\OpenServer\domains\helper\system\Common.php(1119): CodeIgniter\View\View->render('settings/deskto...', Array, true)
#3 C:\OSPanel\OpenServer\domains\helper\app\Controllers\Settings.php(100): view('settings/deskto...', Array)
#4 C:\OSPanel\OpenServer\domains\helper\system\CodeIgniter.php(918): App\Controllers\Settings->desktop()
#5 C:\OSPanel\OpenServer\domains\helper\system\CodeIgniter.php(404): CodeIgniter\CodeIgniter->runController(Object(App\Controllers\Settings))
#6 C:\OSPanel\OpenServer\domains\helper\system\CodeIgniter.php(312): CodeIgniter\CodeIgniter->handleRequest(NULL, Object(Config\Cache), false)
#7 C:\OSPanel\OpenServer\domains\helper\index.php(45): CodeIgniter\CodeIgniter->run()
#8 {main}
CRITICAL - 2020-07-24 03:14:00 --> Invalid argument supplied for foreach()
#0 C:\OSPanel\OpenServer\domains\helper\app\Views\settings\users.php(39): CodeIgniter\Debug\Exceptions->errorHandler(2, 'Invalid argumen...', 'C:\\OSPanel\\Open...', 39, Array)
#1 C:\OSPanel\OpenServer\domains\helper\system\View\View.php(246): include('C:\\OSPanel\\Open...')
#2 C:\OSPanel\OpenServer\domains\helper\system\Common.php(1119): CodeIgniter\View\View->render('settings/users', Array, true)
#3 C:\OSPanel\OpenServer\domains\helper\app\Controllers\Settings.php(132): view('settings/users', Array)
#4 C:\OSPanel\OpenServer\domains\helper\system\CodeIgniter.php(918): App\Controllers\Settings->users()
#5 C:\OSPanel\OpenServer\domains\helper\system\CodeIgniter.php(404): CodeIgniter\CodeIgniter->runController(Object(App\Controllers\Settings))
#6 C:\OSPanel\OpenServer\domains\helper\system\CodeIgniter.php(312): CodeIgniter\CodeIgniter->handleRequest(NULL, Object(Config\Cache), false)
#7 C:\OSPanel\OpenServer\domains\helper\index.php(45): CodeIgniter\CodeIgniter->run()
#8 {main}
CRITICAL - 2020-07-24 03:20:42 --> Object of class stdClass could not be converted to string
#0 C:\OSPanel\OpenServer\domains\helper\app\Views\settings\users.php(40): CodeIgniter\Debug\Exceptions->errorHandler(4096, 'Object of class...', 'C:\\OSPanel\\Open...', 40, Array)
#1 C:\OSPanel\OpenServer\domains\helper\system\View\View.php(246): include('C:\\OSPanel\\Open...')
#2 C:\OSPanel\OpenServer\domains\helper\system\Common.php(1119): CodeIgniter\View\View->render('settings/users', Array, true)
#3 C:\OSPanel\OpenServer\domains\helper\app\Controllers\Settings.php(134): view('settings/users', Array)
#4 C:\OSPanel\OpenServer\domains\helper\system\CodeIgniter.php(918): App\Controllers\Settings->users()
#5 C:\OSPanel\OpenServer\domains\helper\system\CodeIgniter.php(404): CodeIgniter\CodeIgniter->runController(Object(App\Controllers\Settings))
#6 C:\OSPanel\OpenServer\domains\helper\system\CodeIgniter.php(312): CodeIgniter\CodeIgniter->handleRequest(NULL, Object(Config\Cache), false)
#7 C:\OSPanel\OpenServer\domains\helper\index.php(45): CodeIgniter\CodeIgniter->run()
#8 {main}
CRITICAL - 2020-07-24 03:21:04 --> Invalid argument supplied for foreach()
#0 C:\OSPanel\OpenServer\domains\helper\app\Views\settings\users.php(42): CodeIgniter\Debug\Exceptions->errorHandler(2, 'Invalid argumen...', 'C:\\OSPanel\\Open...', 42, Array)
#1 C:\OSPanel\OpenServer\domains\helper\system\View\View.php(246): include('C:\\OSPanel\\Open...')
#2 C:\OSPanel\OpenServer\domains\helper\system\Common.php(1119): CodeIgniter\View\View->render('settings/users', Array, true)
#3 C:\OSPanel\OpenServer\domains\helper\app\Controllers\Settings.php(134): view('settings/users', Array)
#4 C:\OSPanel\OpenServer\domains\helper\system\CodeIgniter.php(918): App\Controllers\Settings->users()
#5 C:\OSPanel\OpenServer\domains\helper\system\CodeIgniter.php(404): CodeIgniter\CodeIgniter->runController(Object(App\Controllers\Settings))
#6 C:\OSPanel\OpenServer\domains\helper\system\CodeIgniter.php(312): CodeIgniter\CodeIgniter->handleRequest(NULL, Object(Config\Cache), false)
#7 C:\OSPanel\OpenServer\domains\helper\index.php(45): CodeIgniter\CodeIgniter->run()
#8 {main}
CRITICAL - 2020-07-24 03:29:09 --> Cannot use object of type stdClass as array
#0 C:\OSPanel\OpenServer\domains\helper\system\View\View.php(246): include()
#1 C:\OSPanel\OpenServer\domains\helper\system\Common.php(1119): CodeIgniter\View\View->render('settings/users', Array, true)
#2 C:\OSPanel\OpenServer\domains\helper\app\Controllers\Settings.php(132): view('settings/users', Array)
#3 C:\OSPanel\OpenServer\domains\helper\system\CodeIgniter.php(918): App\Controllers\Settings->users()
#4 C:\OSPanel\OpenServer\domains\helper\system\CodeIgniter.php(404): CodeIgniter\CodeIgniter->runController(Object(App\Controllers\Settings))
#5 C:\OSPanel\OpenServer\domains\helper\system\CodeIgniter.php(312): CodeIgniter\CodeIgniter->handleRequest(NULL, Object(Config\Cache), false)
#6 C:\OSPanel\OpenServer\domains\helper\index.php(45): CodeIgniter\CodeIgniter->run()
#7 {main}
CRITICAL - 2020-07-24 04:37:56 --> syntax error, unexpected 'endforeach' (T_ENDFOREACH)
#0 C:\OSPanel\OpenServer\domains\helper\system\Common.php(1119): CodeIgniter\View\View->render('ticket', Array, true)
#1 C:\OSPanel\OpenServer\domains\helper\app\Controllers\Tickets.php(82): view('ticket', Array)
#2 C:\OSPanel\OpenServer\domains\helper\system\CodeIgniter.php(918): App\Controllers\Tickets->get('all')
#3 C:\OSPanel\OpenServer\domains\helper\system\CodeIgniter.php(404): CodeIgniter\CodeIgniter->runController(Object(App\Controllers\Tickets))
#4 C:\OSPanel\OpenServer\domains\helper\system\CodeIgniter.php(312): CodeIgniter\CodeIgniter->handleRequest(NULL, Object(Config\Cache), false)
#5 C:\OSPanel\OpenServer\domains\helper\index.php(45): CodeIgniter\CodeIgniter->run()
#6 {main}
CRITICAL - 2020-07-24 04:37:58 --> syntax error, unexpected 'endforeach' (T_ENDFOREACH)
#0 C:\OSPanel\OpenServer\domains\helper\system\Common.php(1119): CodeIgniter\View\View->render('ticket', Array, true)
#1 C:\OSPanel\OpenServer\domains\helper\app\Controllers\Tickets.php(82): view('ticket', Array)
#2 C:\OSPanel\OpenServer\domains\helper\system\CodeIgniter.php(918): App\Controllers\Tickets->get('all')
#3 C:\OSPanel\OpenServer\domains\helper\system\CodeIgniter.php(404): CodeIgniter\CodeIgniter->runController(Object(App\Controllers\Tickets))
#4 C:\OSPanel\OpenServer\domains\helper\system\CodeIgniter.php(312): CodeIgniter\CodeIgniter->handleRequest(NULL, Object(Config\Cache), false)
#5 C:\OSPanel\OpenServer\domains\helper\index.php(45): CodeIgniter\CodeIgniter->run()
#6 {main}
CRITICAL - 2020-07-24 04:38:01 --> syntax error, unexpected 'endforeach' (T_ENDFOREACH)
#0 C:\OSPanel\OpenServer\domains\helper\system\Common.php(1119): CodeIgniter\View\View->render('ticket', Array, true)
#1 C:\OSPanel\OpenServer\domains\helper\app\Controllers\Tickets.php(82): view('ticket', Array)
#2 C:\OSPanel\OpenServer\domains\helper\system\CodeIgniter.php(918): App\Controllers\Tickets->get('all')
#3 C:\OSPanel\OpenServer\domains\helper\system\CodeIgniter.php(404): CodeIgniter\CodeIgniter->runController(Object(App\Controllers\Tickets))
#4 C:\OSPanel\OpenServer\domains\helper\system\CodeIgniter.php(312): CodeIgniter\CodeIgniter->handleRequest(NULL, Object(Config\Cache), false)
#5 C:\OSPanel\OpenServer\domains\helper\index.php(45): CodeIgniter\CodeIgniter->run()
#6 {main}
CRITICAL - 2020-07-24 04:38:03 --> syntax error, unexpected 'endforeach' (T_ENDFOREACH)
#0 C:\OSPanel\OpenServer\domains\helper\system\Common.php(1119): CodeIgniter\View\View->render('ticket', Array, true)
#1 C:\OSPanel\OpenServer\domains\helper\app\Controllers\Tickets.php(82): view('ticket', Array)
#2 C:\OSPanel\OpenServer\domains\helper\system\CodeIgniter.php(918): App\Controllers\Tickets->get('all')
#3 C:\OSPanel\OpenServer\domains\helper\system\CodeIgniter.php(404): CodeIgniter\CodeIgniter->runController(Object(App\Controllers\Tickets))
#4 C:\OSPanel\OpenServer\domains\helper\system\CodeIgniter.php(312): CodeIgniter\CodeIgniter->handleRequest(NULL, Object(Config\Cache), false)
#5 C:\OSPanel\OpenServer\domains\helper\index.php(45): CodeIgniter\CodeIgniter->run()
#6 {main}
CRITICAL - 2020-07-24 04:38:06 --> syntax error, unexpected 'endforeach' (T_ENDFOREACH)
#0 C:\OSPanel\OpenServer\domains\helper\system\Common.php(1119): CodeIgniter\View\View->render('ticket', Array, true)
#1 C:\OSPanel\OpenServer\domains\helper\app\Controllers\Tickets.php(82): view('ticket', Array)
#2 C:\OSPanel\OpenServer\domains\helper\system\CodeIgniter.php(918): App\Controllers\Tickets->get('all')
#3 C:\OSPanel\OpenServer\domains\helper\system\CodeIgniter.php(404): CodeIgniter\CodeIgniter->runController(Object(App\Controllers\Tickets))
#4 C:\OSPanel\OpenServer\domains\helper\system\CodeIgniter.php(312): CodeIgniter\CodeIgniter->handleRequest(NULL, Object(Config\Cache), false)
#5 C:\OSPanel\OpenServer\domains\helper\index.php(45): CodeIgniter\CodeIgniter->run()
#6 {main}
CRITICAL - 2020-07-24 04:38:08 --> syntax error, unexpected 'endforeach' (T_ENDFOREACH)
#0 C:\OSPanel\OpenServer\domains\helper\system\Common.php(1119): CodeIgniter\View\View->render('ticket', Array, true)
#1 C:\OSPanel\OpenServer\domains\helper\app\Controllers\Tickets.php(82): view('ticket', Array)
#2 C:\OSPanel\OpenServer\domains\helper\system\CodeIgniter.php(918): App\Controllers\Tickets->get('all')
#3 C:\OSPanel\OpenServer\domains\helper\system\CodeIgniter.php(404): CodeIgniter\CodeIgniter->runController(Object(App\Controllers\Tickets))
#4 C:\OSPanel\OpenServer\domains\helper\system\CodeIgniter.php(312): CodeIgniter\CodeIgniter->handleRequest(NULL, Object(Config\Cache), false)
#5 C:\OSPanel\OpenServer\domains\helper\index.php(45): CodeIgniter\CodeIgniter->run()
#6 {main}
CRITICAL - 2020-07-24 04:54:52 --> Call to a member function getProblems() on null
#0 C:\OSPanel\OpenServer\domains\helper\system\CodeIgniter.php(918): App\Controllers\Settings->get_problems()
#1 C:\OSPanel\OpenServer\domains\helper\system\CodeIgniter.php(404): CodeIgniter\CodeIgniter->runController(Object(App\Controllers\Settings))
#2 C:\OSPanel\OpenServer\domains\helper\system\CodeIgniter.php(312): CodeIgniter\CodeIgniter->handleRequest(NULL, Object(Config\Cache), false)
#3 C:\OSPanel\OpenServer\domains\helper\index.php(45): CodeIgniter\CodeIgniter->run()
#4 {main}
CRITICAL - 2020-07-24 04:55:03 --> Call to a member function getProblems() on null
#0 C:\OSPanel\OpenServer\domains\helper\system\CodeIgniter.php(918): App\Controllers\Settings->get_problems()
#1 C:\OSPanel\OpenServer\domains\helper\system\CodeIgniter.php(404): CodeIgniter\CodeIgniter->runController(Object(App\Controllers\Settings))
#2 C:\OSPanel\OpenServer\domains\helper\system\CodeIgniter.php(312): CodeIgniter\CodeIgniter->handleRequest(NULL, Object(Config\Cache), false)
#3 C:\OSPanel\OpenServer\domains\helper\index.php(45): CodeIgniter\CodeIgniter->run()
#4 {main}
CRITICAL - 2020-07-24 04:55:04 --> Call to a member function getProblems() on null
#0 C:\OSPanel\OpenServer\domains\helper\system\CodeIgniter.php(918): App\Controllers\Settings->get_problems()
#1 C:\OSPanel\OpenServer\domains\helper\system\CodeIgniter.php(404): CodeIgniter\CodeIgniter->runController(Object(App\Controllers\Settings))
#2 C:\OSPanel\OpenServer\domains\helper\system\CodeIgniter.php(312): CodeIgniter\CodeIgniter->handleRequest(NULL, Object(Config\Cache), false)
#3 C:\OSPanel\OpenServer\domains\helper\index.php(45): CodeIgniter\CodeIgniter->run()
#4 {main}
CRITICAL - 2020-07-24 04:56:17 --> Object of class stdClass could not be converted to string
#0 [internal function]: CodeIgniter\Debug\Exceptions->shutdownHandler()
#1 {main}
CRITICAL - 2020-07-24 04:56:31 --> Object of class stdClass could not be converted to string
#0 [internal function]: CodeIgniter\Debug\Exceptions->shutdownHandler()
#1 {main}
CRITICAL - 2020-07-24 04:56:42 --> Object of class stdClass could not be converted to string
#0 [internal function]: CodeIgniter\Debug\Exceptions->shutdownHandler()
#1 {main}
CRITICAL - 2020-07-24 04:58:23 --> array_diff(): Argument #1 is not an array
#0 [internal function]: CodeIgniter\Debug\Exceptions->errorHandler(2, 'array_diff(): A...', 'C:\\OSPanel\\Open...', 90, Array)
#1 C:\OSPanel\OpenServer\domains\helper\app\Controllers\Settings.php(90): array_diff(Object(stdClass), Array)
#2 C:\OSPanel\OpenServer\domains\helper\system\CodeIgniter.php(918): App\Controllers\Settings->get_problems()
#3 C:\OSPanel\OpenServer\domains\helper\system\CodeIgniter.php(404): CodeIgniter\CodeIgniter->runController(Object(App\Controllers\Settings))
#4 C:\OSPanel\OpenServer\domains\helper\system\CodeIgniter.php(312): CodeIgniter\CodeIgniter->handleRequest(NULL, Object(Config\Cache), false)
#5 C:\OSPanel\OpenServer\domains\helper\index.php(45): CodeIgniter\CodeIgniter->run()
#6 {main}
CRITICAL - 2020-07-24 06:36:46 --> Call to a member function getChecklist() on null
#0 C:\OSPanel\OpenServer\domains\helper\system\CodeIgniter.php(918): App\Controllers\Settings->get_checklist('1')
#1 C:\OSPanel\OpenServer\domains\helper\system\CodeIgniter.php(404): CodeIgniter\CodeIgniter->runController(Object(App\Controllers\Settings))
#2 C:\OSPanel\OpenServer\domains\helper\system\CodeIgniter.php(312): CodeIgniter\CodeIgniter->handleRequest(NULL, Object(Config\Cache), false)
#3 C:\OSPanel\OpenServer\domains\helper\index.php(45): CodeIgniter\CodeIgniter->run()
#4 {main}
CRITICAL - 2020-07-24 06:37:21 --> Call to a member function getChecklist() on null
#0 C:\OSPanel\OpenServer\domains\helper\system\CodeIgniter.php(918): App\Controllers\Settings->get_checklist('1')
#1 C:\OSPanel\OpenServer\domains\helper\system\CodeIgniter.php(404): CodeIgniter\CodeIgniter->runController(Object(App\Controllers\Settings))
#2 C:\OSPanel\OpenServer\domains\helper\system\CodeIgniter.php(312): CodeIgniter\CodeIgniter->handleRequest(NULL, Object(Config\Cache), false)
#3 C:\OSPanel\OpenServer\domains\helper\index.php(45): CodeIgniter\CodeIgniter->run()
#4 {main}
CRITICAL - 2020-07-24 06:37:38 --> Call to a member function getChecklist() on null
#0 C:\OSPanel\OpenServer\domains\helper\system\CodeIgniter.php(918): App\Controllers\Settings->get_checklist('1')
#1 C:\OSPanel\OpenServer\domains\helper\system\CodeIgniter.php(404): CodeIgniter\CodeIgniter->runController(Object(App\Controllers\Settings))
#2 C:\OSPanel\OpenServer\domains\helper\system\CodeIgniter.php(312): CodeIgniter\CodeIgniter->handleRequest(NULL, Object(Config\Cache), false)
#3 C:\OSPanel\OpenServer\domains\helper\index.php(45): CodeIgniter\CodeIgniter->run()
#4 {main}
CRITICAL - 2020-07-24 07:40:43 --> Call to a member function getChecklist() on null
#0 C:\OSPanel\OpenServer\domains\helper\system\CodeIgniter.php(918): App\Controllers\Settings->get_checklist('1')
#1 C:\OSPanel\OpenServer\domains\helper\system\CodeIgniter.php(404): CodeIgniter\CodeIgniter->runController(Object(App\Controllers\Settings))
#2 C:\OSPanel\OpenServer\domains\helper\system\CodeIgniter.php(312): CodeIgniter\CodeIgniter->handleRequest(NULL, Object(Config\Cache), false)
#3 C:\OSPanel\OpenServer\domains\helper\index.php(45): CodeIgniter\CodeIgniter->run()
#4 {main}
CRITICAL - 2020-07-24 07:40:57 --> Call to a member function getChecklist() on null
#0 C:\OSPanel\OpenServer\domains\helper\system\CodeIgniter.php(918): App\Controllers\Settings->get_checklist('1')
#1 C:\OSPanel\OpenServer\domains\helper\system\CodeIgniter.php(404): CodeIgniter\CodeIgniter->runController(Object(App\Controllers\Settings))
#2 C:\OSPanel\OpenServer\domains\helper\system\CodeIgniter.php(312): CodeIgniter\CodeIgniter->handleRequest(NULL, Object(Config\Cache), false)
#3 C:\OSPanel\OpenServer\domains\helper\index.php(45): CodeIgniter\CodeIgniter->run()
#4 {main}
CRITICAL - 2020-07-24 07:40:58 --> Call to a member function getChecklist() on null
#0 C:\OSPanel\OpenServer\domains\helper\system\CodeIgniter.php(918): App\Controllers\Settings->get_checklist('1')
#1 C:\OSPanel\OpenServer\domains\helper\system\CodeIgniter.php(404): CodeIgniter\CodeIgniter->runController(Object(App\Controllers\Settings))
#2 C:\OSPanel\OpenServer\domains\helper\system\CodeIgniter.php(312): CodeIgniter\CodeIgniter->handleRequest(NULL, Object(Config\Cache), false)
#3 C:\OSPanel\OpenServer\domains\helper\index.php(45): CodeIgniter\CodeIgniter->run()
#4 {main}
CRITICAL - 2020-07-24 07:41:05 --> array_diff(): Argument #1 is not an array
#0 [internal function]: CodeIgniter\Debug\Exceptions->errorHandler(2, 'array_diff(): A...', 'C:\\OSPanel\\Open...', 102, Array)
#1 C:\OSPanel\OpenServer\domains\helper\app\Controllers\Settings.php(102): array_diff(NULL, Array)
#2 C:\OSPanel\OpenServer\domains\helper\system\CodeIgniter.php(918): App\Controllers\Settings->get_checklist('1')
#3 C:\OSPanel\OpenServer\domains\helper\system\CodeIgniter.php(404): CodeIgniter\CodeIgniter->runController(Object(App\Controllers\Settings))
#4 C:\OSPanel\OpenServer\domains\helper\system\CodeIgniter.php(312): CodeIgniter\CodeIgniter->handleRequest(NULL, Object(Config\Cache), false)
#5 C:\OSPanel\OpenServer\domains\helper\index.php(45): CodeIgniter\CodeIgniter->run()
#6 {main}
CRITICAL - 2020-07-24 09:14:47 --> Call to a member function getProblems() on null
#0 C:\OSPanel\OpenServer\domains\helper\system\CodeIgniter.php(918): App\Controllers\Settings->desktop()
#1 C:\OSPanel\OpenServer\domains\helper\system\CodeIgniter.php(404): CodeIgniter\CodeIgniter->runController(Object(App\Controllers\Settings))
#2 C:\OSPanel\OpenServer\domains\helper\system\CodeIgniter.php(312): CodeIgniter\CodeIgniter->handleRequest(NULL, Object(Config\Cache), false)
#3 C:\OSPanel\OpenServer\domains\helper\index.php(45): CodeIgniter\CodeIgniter->run()
#4 {main}
CRITICAL - 2020-07-24 09:14:49 --> Call to a member function getProblems() on null
#0 C:\OSPanel\OpenServer\domains\helper\system\CodeIgniter.php(918): App\Controllers\Settings->desktop()
#1 C:\OSPanel\OpenServer\domains\helper\system\CodeIgniter.php(404): CodeIgniter\CodeIgniter->runController(Object(App\Controllers\Settings))
#2 C:\OSPanel\OpenServer\domains\helper\system\CodeIgniter.php(312): CodeIgniter\CodeIgniter->handleRequest(NULL, Object(Config\Cache), false)
#3 C:\OSPanel\OpenServer\domains\helper\index.php(45): CodeIgniter\CodeIgniter->run()
#4 {main}
