CRITICAL - 2020-07-21 02:40:15 --> Object of class App\Models\TicketModel could not be converted to string
#0 [internal function]: CodeIgniter\Debug\Exceptions->errorHandler(4096, 'Object of class...', 'C:\\OSPanel\\Open...', 443, Array)
#1 C:\OSPanel\OpenServer\domains\helper\system\Database\Query.php(443): strtr('UPDATE `tickets...', Array)
#2 C:\OSPanel\OpenServer\domains\helper\system\Database\Query.php(404): CodeIgniter\Database\Query->matchNamedBinds('UPDATE `tickets...', Array)
#3 C:\OSPanel\OpenServer\domains\helper\system\Database\Query.php(197): CodeIgniter\Database\Query->compileBinds()
#4 C:\OSPanel\OpenServer\domains\helper\system\Database\BaseConnection.php(669): CodeIgniter\Database\Query->getQuery()
#5 C:\OSPanel\OpenServer\domains\helper\system\Database\BaseBuilder.php(2456): CodeIgniter\Database\BaseConnection->query('UPDATE `tickets...', Array, false)
#6 C:\OSPanel\OpenServer\domains\helper\app\Models\TicketModel.php(24): CodeIgniter\Database\BaseBuilder->update(Array)
#7 C:\OSPanel\OpenServer\domains\helper\app\Controllers\Home.php(25): App\Models\TicketModel->changeStatus('3', Object(App\Models\TicketModel))
#8 C:\OSPanel\OpenServer\domains\helper\system\CodeIgniter.php(918): App\Controllers\Home->changeStatus('3')
#9 C:\OSPanel\OpenServer\domains\helper\system\CodeIgniter.php(404): CodeIgniter\CodeIgniter->runController(Object(App\Controllers\Home))
#10 C:\OSPanel\OpenServer\domains\helper\system\CodeIgniter.php(312): CodeIgniter\CodeIgniter->handleRequest(NULL, Object(Config\Cache), false)
#11 C:\OSPanel\OpenServer\domains\helper\index.php(45): CodeIgniter\CodeIgniter->run()
#12 {main}
CRITICAL - 2020-07-21 02:40:36 --> Object of class App\Models\TicketModel could not be converted to string
#0 [internal function]: CodeIgniter\Debug\Exceptions->errorHandler(4096, 'Object of class...', 'C:\\OSPanel\\Open...', 443, Array)
#1 C:\OSPanel\OpenServer\domains\helper\system\Database\Query.php(443): strtr('UPDATE `tickets...', Array)
#2 C:\OSPanel\OpenServer\domains\helper\system\Database\Query.php(404): CodeIgniter\Database\Query->matchNamedBinds('UPDATE `tickets...', Array)
#3 C:\OSPanel\OpenServer\domains\helper\system\Database\Query.php(197): CodeIgniter\Database\Query->compileBinds()
#4 C:\OSPanel\OpenServer\domains\helper\system\Database\BaseConnection.php(669): CodeIgniter\Database\Query->getQuery()
#5 C:\OSPanel\OpenServer\domains\helper\system\Database\BaseBuilder.php(2456): CodeIgniter\Database\BaseConnection->query('UPDATE `tickets...', Array, false)
#6 C:\OSPanel\OpenServer\domains\helper\app\Models\TicketModel.php(24): CodeIgniter\Database\BaseBuilder->update(Array)
#7 C:\OSPanel\OpenServer\domains\helper\app\Controllers\Home.php(25): App\Models\TicketModel->changeStatus('2', Object(App\Models\TicketModel))
#8 C:\OSPanel\OpenServer\domains\helper\system\CodeIgniter.php(918): App\Controllers\Home->changeStatus('2')
#9 C:\OSPanel\OpenServer\domains\helper\system\CodeIgniter.php(404): CodeIgniter\CodeIgniter->runController(Object(App\Controllers\Home))
#10 C:\OSPanel\OpenServer\domains\helper\system\CodeIgniter.php(312): CodeIgniter\CodeIgniter->handleRequest(NULL, Object(Config\Cache), false)
#11 C:\OSPanel\OpenServer\domains\helper\index.php(45): CodeIgniter\CodeIgniter->run()
#12 {main}
CRITICAL - 2020-07-21 02:47:42 --> Object of class App\Models\TicketModel could not be converted to string
#0 [internal function]: CodeIgniter\Debug\Exceptions->errorHandler(4096, 'Object of class...', 'C:\\OSPanel\\Open...', 443, Array)
#1 C:\OSPanel\OpenServer\domains\helper\system\Database\Query.php(443): strtr('UPDATE `tickets...', Array)
#2 C:\OSPanel\OpenServer\domains\helper\system\Database\Query.php(404): CodeIgniter\Database\Query->matchNamedBinds('UPDATE `tickets...', Array)
#3 C:\OSPanel\OpenServer\domains\helper\system\Database\Query.php(197): CodeIgniter\Database\Query->compileBinds()
#4 C:\OSPanel\OpenServer\domains\helper\system\Database\BaseConnection.php(669): CodeIgniter\Database\Query->getQuery()
#5 C:\OSPanel\OpenServer\domains\helper\system\Database\BaseBuilder.php(2456): CodeIgniter\Database\BaseConnection->query('UPDATE `tickets...', Array, false)
#6 C:\OSPanel\OpenServer\domains\helper\app\Models\TicketModel.php(24): CodeIgniter\Database\BaseBuilder->update(Array)
#7 C:\OSPanel\OpenServer\domains\helper\app\Controllers\Home.php(26): App\Models\TicketModel->changeStatus('2', Object(App\Models\TicketModel))
#8 C:\OSPanel\OpenServer\domains\helper\system\CodeIgniter.php(918): App\Controllers\Home->changeStatus('2')
#9 C:\OSPanel\OpenServer\domains\helper\system\CodeIgniter.php(404): CodeIgniter\CodeIgniter->runController(Object(App\Controllers\Home))
#10 C:\OSPanel\OpenServer\domains\helper\system\CodeIgniter.php(312): CodeIgniter\CodeIgniter->handleRequest(NULL, Object(Config\Cache), false)
#11 C:\OSPanel\OpenServer\domains\helper\index.php(45): CodeIgniter\CodeIgniter->run()
#12 {main}
CRITICAL - 2020-07-21 02:50:28 --> Object of class App\Models\TicketModel could not be converted to string
#0 [internal function]: CodeIgniter\Debug\Exceptions->errorHandler(4096, 'Object of class...', 'C:\\OSPanel\\Open...', 443, Array)
#1 C:\OSPanel\OpenServer\domains\helper\system\Database\Query.php(443): strtr('UPDATE `tickets...', Array)
#2 C:\OSPanel\OpenServer\domains\helper\system\Database\Query.php(404): CodeIgniter\Database\Query->matchNamedBinds('UPDATE `tickets...', Array)
#3 C:\OSPanel\OpenServer\domains\helper\system\Database\Query.php(197): CodeIgniter\Database\Query->compileBinds()
#4 C:\OSPanel\OpenServer\domains\helper\system\Database\BaseConnection.php(669): CodeIgniter\Database\Query->getQuery()
#5 C:\OSPanel\OpenServer\domains\helper\system\Database\BaseBuilder.php(2456): CodeIgniter\Database\BaseConnection->query('UPDATE `tickets...', Array, false)
#6 C:\OSPanel\OpenServer\domains\helper\app\Models\TicketModel.php(24): CodeIgniter\Database\BaseBuilder->update(Array)
#7 C:\OSPanel\OpenServer\domains\helper\app\Controllers\Home.php(26): App\Models\TicketModel->changeStatus('2', Object(App\Models\TicketModel))
#8 C:\OSPanel\OpenServer\domains\helper\system\CodeIgniter.php(918): App\Controllers\Home->changeStatus('2')
#9 C:\OSPanel\OpenServer\domains\helper\system\CodeIgniter.php(404): CodeIgniter\CodeIgniter->runController(Object(App\Controllers\Home))
#10 C:\OSPanel\OpenServer\domains\helper\system\CodeIgniter.php(312): CodeIgniter\CodeIgniter->handleRequest(NULL, Object(Config\Cache), false)
#11 C:\OSPanel\OpenServer\domains\helper\index.php(45): CodeIgniter\CodeIgniter->run()
#12 {main}
CRITICAL - 2020-07-21 02:51:32 --> Object of class App\Models\TicketModel could not be converted to string
#0 [internal function]: CodeIgniter\Debug\Exceptions->errorHandler(4096, 'Object of class...', 'C:\\OSPanel\\Open...', 443, Array)
#1 C:\OSPanel\OpenServer\domains\helper\system\Database\Query.php(443): strtr('UPDATE `tickets...', Array)
#2 C:\OSPanel\OpenServer\domains\helper\system\Database\Query.php(404): CodeIgniter\Database\Query->matchNamedBinds('UPDATE `tickets...', Array)
#3 C:\OSPanel\OpenServer\domains\helper\system\Database\Query.php(197): CodeIgniter\Database\Query->compileBinds()
#4 C:\OSPanel\OpenServer\domains\helper\system\Database\BaseConnection.php(669): CodeIgniter\Database\Query->getQuery()
#5 C:\OSPanel\OpenServer\domains\helper\system\Database\BaseBuilder.php(2456): CodeIgniter\Database\BaseConnection->query('UPDATE `tickets...', Array, false)
#6 C:\OSPanel\OpenServer\domains\helper\app\Models\TicketModel.php(24): CodeIgniter\Database\BaseBuilder->update(Array)
#7 C:\OSPanel\OpenServer\domains\helper\app\Controllers\Home.php(26): App\Models\TicketModel->changeStatus('2', Object(App\Models\TicketModel))
#8 C:\OSPanel\OpenServer\domains\helper\system\CodeIgniter.php(918): App\Controllers\Home->changeStatus('2')
#9 C:\OSPanel\OpenServer\domains\helper\system\CodeIgniter.php(404): CodeIgniter\CodeIgniter->runController(Object(App\Controllers\Home))
#10 C:\OSPanel\OpenServer\domains\helper\system\CodeIgniter.php(312): CodeIgniter\CodeIgniter->handleRequest(NULL, Object(Config\Cache), false)
#11 C:\OSPanel\OpenServer\domains\helper\index.php(45): CodeIgniter\CodeIgniter->run()
#12 {main}
CRITICAL - 2020-07-21 02:51:49 --> Object of class App\Models\TicketModel could not be converted to string
#0 [internal function]: CodeIgniter\Debug\Exceptions->errorHandler(4096, 'Object of class...', 'C:\\OSPanel\\Open...', 443, Array)
#1 C:\OSPanel\OpenServer\domains\helper\system\Database\Query.php(443): strtr('UPDATE `tickets...', Array)
#2 C:\OSPanel\OpenServer\domains\helper\system\Database\Query.php(404): CodeIgniter\Database\Query->matchNamedBinds('UPDATE `tickets...', Array)
#3 C:\OSPanel\OpenServer\domains\helper\system\Database\Query.php(197): CodeIgniter\Database\Query->compileBinds()
#4 C:\OSPanel\OpenServer\domains\helper\system\Database\BaseConnection.php(669): CodeIgniter\Database\Query->getQuery()
#5 C:\OSPanel\OpenServer\domains\helper\system\Database\BaseBuilder.php(2456): CodeIgniter\Database\BaseConnection->query('UPDATE `tickets...', Array, false)
#6 C:\OSPanel\OpenServer\domains\helper\app\Models\TicketModel.php(24): CodeIgniter\Database\BaseBuilder->update(Array)
#7 C:\OSPanel\OpenServer\domains\helper\app\Controllers\Home.php(26): App\Models\TicketModel->changeStatus('2', Object(App\Models\TicketModel))
#8 C:\OSPanel\OpenServer\domains\helper\system\CodeIgniter.php(918): App\Controllers\Home->changeStatus('2')
#9 C:\OSPanel\OpenServer\domains\helper\system\CodeIgniter.php(404): CodeIgniter\CodeIgniter->runController(Object(App\Controllers\Home))
#10 C:\OSPanel\OpenServer\domains\helper\system\CodeIgniter.php(312): CodeIgniter\CodeIgniter->handleRequest(NULL, Object(Config\Cache), false)
#11 C:\OSPanel\OpenServer\domains\helper\index.php(45): CodeIgniter\CodeIgniter->run()
#12 {main}
CRITICAL - 2020-07-21 02:52:18 --> Object of class App\Models\TicketModel could not be converted to string
#0 [internal function]: CodeIgniter\Debug\Exceptions->errorHandler(4096, 'Object of class...', 'C:\\OSPanel\\Open...', 443, Array)
#1 C:\OSPanel\OpenServer\domains\helper\system\Database\Query.php(443): strtr('UPDATE `tickets...', Array)
#2 C:\OSPanel\OpenServer\domains\helper\system\Database\Query.php(404): CodeIgniter\Database\Query->matchNamedBinds('UPDATE `tickets...', Array)
#3 C:\OSPanel\OpenServer\domains\helper\system\Database\Query.php(197): CodeIgniter\Database\Query->compileBinds()
#4 C:\OSPanel\OpenServer\domains\helper\system\Database\BaseConnection.php(669): CodeIgniter\Database\Query->getQuery()
#5 C:\OSPanel\OpenServer\domains\helper\system\Database\BaseBuilder.php(2456): CodeIgniter\Database\BaseConnection->query('UPDATE `tickets...', Array, false)
#6 C:\OSPanel\OpenServer\domains\helper\app\Models\TicketModel.php(24): CodeIgniter\Database\BaseBuilder->update(Array)
#7 C:\OSPanel\OpenServer\domains\helper\app\Controllers\Home.php(25): App\Models\TicketModel->changeStatus('2', Object(App\Models\TicketModel))
#8 C:\OSPanel\OpenServer\domains\helper\system\CodeIgniter.php(918): App\Controllers\Home->changeStatus('2')
#9 C:\OSPanel\OpenServer\domains\helper\system\CodeIgniter.php(404): CodeIgniter\CodeIgniter->runController(Object(App\Controllers\Home))
#10 C:\OSPanel\OpenServer\domains\helper\system\CodeIgniter.php(312): CodeIgniter\CodeIgniter->handleRequest(NULL, Object(Config\Cache), false)
#11 C:\OSPanel\OpenServer\domains\helper\index.php(45): CodeIgniter\CodeIgniter->run()
#12 {main}
CRITICAL - 2020-07-21 02:52:30 --> Too few arguments to function App\Models\TicketModel::changeStatus(), 1 passed in C:\OSPanel\OpenServer\domains\helper\app\Controllers\Home.php on line 25 and exactly 2 expected
#0 C:\OSPanel\OpenServer\domains\helper\app\Controllers\Home.php(25): App\Models\TicketModel->changeStatus('2')
#1 C:\OSPanel\OpenServer\domains\helper\system\CodeIgniter.php(918): App\Controllers\Home->changeStatus('2')
#2 C:\OSPanel\OpenServer\domains\helper\system\CodeIgniter.php(404): CodeIgniter\CodeIgniter->runController(Object(App\Controllers\Home))
#3 C:\OSPanel\OpenServer\domains\helper\system\CodeIgniter.php(312): CodeIgniter\CodeIgniter->handleRequest(NULL, Object(Config\Cache), false)
#4 C:\OSPanel\OpenServer\domains\helper\index.php(45): CodeIgniter\CodeIgniter->run()
#5 {main}
CRITICAL - 2020-07-21 02:52:47 --> Object of class App\Models\TicketModel could not be converted to string
#0 [internal function]: CodeIgniter\Debug\Exceptions->errorHandler(4096, 'Object of class...', 'C:\\OSPanel\\Open...', 443, Array)
#1 C:\OSPanel\OpenServer\domains\helper\system\Database\Query.php(443): strtr('UPDATE `tickets...', Array)
#2 C:\OSPanel\OpenServer\domains\helper\system\Database\Query.php(404): CodeIgniter\Database\Query->matchNamedBinds('UPDATE `tickets...', Array)
#3 C:\OSPanel\OpenServer\domains\helper\system\Database\Query.php(197): CodeIgniter\Database\Query->compileBinds()
#4 C:\OSPanel\OpenServer\domains\helper\system\Database\BaseConnection.php(669): CodeIgniter\Database\Query->getQuery()
#5 C:\OSPanel\OpenServer\domains\helper\system\Database\BaseBuilder.php(2456): CodeIgniter\Database\BaseConnection->query('UPDATE `tickets...', Array, false)
#6 C:\OSPanel\OpenServer\domains\helper\app\Models\TicketModel.php(24): CodeIgniter\Database\BaseBuilder->update(Array)
#7 C:\OSPanel\OpenServer\domains\helper\app\Controllers\Home.php(25): App\Models\TicketModel->changeStatus('2', Object(App\Models\TicketModel))
#8 C:\OSPanel\OpenServer\domains\helper\system\CodeIgniter.php(918): App\Controllers\Home->changeStatus('2')
#9 C:\OSPanel\OpenServer\domains\helper\system\CodeIgniter.php(404): CodeIgniter\CodeIgniter->runController(Object(App\Controllers\Home))
#10 C:\OSPanel\OpenServer\domains\helper\system\CodeIgniter.php(312): CodeIgniter\CodeIgniter->handleRequest(NULL, Object(Config\Cache), false)
#11 C:\OSPanel\OpenServer\domains\helper\index.php(45): CodeIgniter\CodeIgniter->run()
#12 {main}
CRITICAL - 2020-07-21 02:55:03 --> Object of class App\Models\TicketModel could not be converted to string
#0 [internal function]: CodeIgniter\Debug\Exceptions->errorHandler(4096, 'Object of class...', 'C:\\OSPanel\\Open...', 443, Array)
#1 C:\OSPanel\OpenServer\domains\helper\system\Database\Query.php(443): strtr('UPDATE `tickets...', Array)
#2 C:\OSPanel\OpenServer\domains\helper\system\Database\Query.php(404): CodeIgniter\Database\Query->matchNamedBinds('UPDATE `tickets...', Array)
#3 C:\OSPanel\OpenServer\domains\helper\system\Database\Query.php(197): CodeIgniter\Database\Query->compileBinds()
#4 C:\OSPanel\OpenServer\domains\helper\system\Database\BaseConnection.php(669): CodeIgniter\Database\Query->getQuery()
#5 C:\OSPanel\OpenServer\domains\helper\system\Database\BaseBuilder.php(2456): CodeIgniter\Database\BaseConnection->query('UPDATE `tickets...', Array, false)
#6 C:\OSPanel\OpenServer\domains\helper\app\Models\TicketModel.php(24): CodeIgniter\Database\BaseBuilder->update(Array)
#7 C:\OSPanel\OpenServer\domains\helper\app\Controllers\Home.php(29): App\Models\TicketModel->changeStatus(Array)
#8 C:\OSPanel\OpenServer\domains\helper\system\CodeIgniter.php(918): App\Controllers\Home->changeStatus('2')
#9 C:\OSPanel\OpenServer\domains\helper\system\CodeIgniter.php(404): CodeIgniter\CodeIgniter->runController(Object(App\Controllers\Home))
#10 C:\OSPanel\OpenServer\domains\helper\system\CodeIgniter.php(312): CodeIgniter\CodeIgniter->handleRequest(NULL, Object(Config\Cache), false)
#11 C:\OSPanel\OpenServer\domains\helper\index.php(45): CodeIgniter\CodeIgniter->run()
#12 {main}
CRITICAL - 2020-07-21 02:57:13 --> Too few arguments to function App\Controllers\Home::changeStatus(), 1 passed in C:\OSPanel\OpenServer\domains\helper\system\CodeIgniter.php on line 918 and exactly 2 expected
#0 C:\OSPanel\OpenServer\domains\helper\system\CodeIgniter.php(918): App\Controllers\Home->changeStatus('2')
#1 C:\OSPanel\OpenServer\domains\helper\system\CodeIgniter.php(404): CodeIgniter\CodeIgniter->runController(Object(App\Controllers\Home))
#2 C:\OSPanel\OpenServer\domains\helper\system\CodeIgniter.php(312): CodeIgniter\CodeIgniter->handleRequest(NULL, Object(Config\Cache), false)
#3 C:\OSPanel\OpenServer\domains\helper\index.php(45): CodeIgniter\CodeIgniter->run()
#4 {main}
CRITICAL - 2020-07-21 02:57:32 --> Too few arguments to function App\Controllers\Home::changeStatus(), 1 passed in C:\OSPanel\OpenServer\domains\helper\system\CodeIgniter.php on line 918 and exactly 2 expected
#0 C:\OSPanel\OpenServer\domains\helper\system\CodeIgniter.php(918): App\Controllers\Home->changeStatus('2')
#1 C:\OSPanel\OpenServer\domains\helper\system\CodeIgniter.php(404): CodeIgniter\CodeIgniter->runController(Object(App\Controllers\Home))
#2 C:\OSPanel\OpenServer\domains\helper\system\CodeIgniter.php(312): CodeIgniter\CodeIgniter->handleRequest(NULL, Object(Config\Cache), false)
#3 C:\OSPanel\OpenServer\domains\helper\index.php(45): CodeIgniter\CodeIgniter->run()
#4 {main}
CRITICAL - 2020-07-21 03:02:10 --> Too few arguments to function App\Controllers\Home::changeStatus(), 1 passed in C:\OSPanel\OpenServer\domains\helper\system\CodeIgniter.php on line 918 and exactly 2 expected
#0 C:\OSPanel\OpenServer\domains\helper\system\CodeIgniter.php(918): App\Controllers\Home->changeStatus('2')
#1 C:\OSPanel\OpenServer\domains\helper\system\CodeIgniter.php(404): CodeIgniter\CodeIgniter->runController(Object(App\Controllers\Home))
#2 C:\OSPanel\OpenServer\domains\helper\system\CodeIgniter.php(312): CodeIgniter\CodeIgniter->handleRequest(NULL, Object(Config\Cache), false)
#3 C:\OSPanel\OpenServer\domains\helper\index.php(45): CodeIgniter\CodeIgniter->run()
#4 {main}
CRITICAL - 2020-07-21 03:02:45 --> Too few arguments to function App\Controllers\Home::changeStatus(), 1 passed in C:\OSPanel\OpenServer\domains\helper\system\CodeIgniter.php on line 918 and exactly 2 expected
#0 C:\OSPanel\OpenServer\domains\helper\system\CodeIgniter.php(918): App\Controllers\Home->changeStatus('2')
#1 C:\OSPanel\OpenServer\domains\helper\system\CodeIgniter.php(404): CodeIgniter\CodeIgniter->runController(Object(App\Controllers\Home))
#2 C:\OSPanel\OpenServer\domains\helper\system\CodeIgniter.php(312): CodeIgniter\CodeIgniter->handleRequest(NULL, Object(Config\Cache), false)
#3 C:\OSPanel\OpenServer\domains\helper\index.php(45): CodeIgniter\CodeIgniter->run()
#4 {main}
CRITICAL - 2020-07-21 03:02:46 --> Too few arguments to function App\Controllers\Home::changeStatus(), 1 passed in C:\OSPanel\OpenServer\domains\helper\system\CodeIgniter.php on line 918 and exactly 2 expected
#0 C:\OSPanel\OpenServer\domains\helper\system\CodeIgniter.php(918): App\Controllers\Home->changeStatus('2')
#1 C:\OSPanel\OpenServer\domains\helper\system\CodeIgniter.php(404): CodeIgniter\CodeIgniter->runController(Object(App\Controllers\Home))
#2 C:\OSPanel\OpenServer\domains\helper\system\CodeIgniter.php(312): CodeIgniter\CodeIgniter->handleRequest(NULL, Object(Config\Cache), false)
#3 C:\OSPanel\OpenServer\domains\helper\index.php(45): CodeIgniter\CodeIgniter->run()
#4 {main}
CRITICAL - 2020-07-21 03:02:47 --> Too few arguments to function App\Controllers\Home::changeStatus(), 1 passed in C:\OSPanel\OpenServer\domains\helper\system\CodeIgniter.php on line 918 and exactly 2 expected
#0 C:\OSPanel\OpenServer\domains\helper\system\CodeIgniter.php(918): App\Controllers\Home->changeStatus('2')
#1 C:\OSPanel\OpenServer\domains\helper\system\CodeIgniter.php(404): CodeIgniter\CodeIgniter->runController(Object(App\Controllers\Home))
#2 C:\OSPanel\OpenServer\domains\helper\system\CodeIgniter.php(312): CodeIgniter\CodeIgniter->handleRequest(NULL, Object(Config\Cache), false)
#3 C:\OSPanel\OpenServer\domains\helper\index.php(45): CodeIgniter\CodeIgniter->run()
#4 {main}
CRITICAL - 2020-07-21 03:02:48 --> Too few arguments to function App\Controllers\Home::changeStatus(), 1 passed in C:\OSPanel\OpenServer\domains\helper\system\CodeIgniter.php on line 918 and exactly 2 expected
#0 C:\OSPanel\OpenServer\domains\helper\system\CodeIgniter.php(918): App\Controllers\Home->changeStatus('2')
#1 C:\OSPanel\OpenServer\domains\helper\system\CodeIgniter.php(404): CodeIgniter\CodeIgniter->runController(Object(App\Controllers\Home))
#2 C:\OSPanel\OpenServer\domains\helper\system\CodeIgniter.php(312): CodeIgniter\CodeIgniter->handleRequest(NULL, Object(Config\Cache), false)
#3 C:\OSPanel\OpenServer\domains\helper\index.php(45): CodeIgniter\CodeIgniter->run()
#4 {main}
CRITICAL - 2020-07-21 03:02:48 --> Too few arguments to function App\Controllers\Home::changeStatus(), 1 passed in C:\OSPanel\OpenServer\domains\helper\system\CodeIgniter.php on line 918 and exactly 2 expected
#0 C:\OSPanel\OpenServer\domains\helper\system\CodeIgniter.php(918): App\Controllers\Home->changeStatus('2')
#1 C:\OSPanel\OpenServer\domains\helper\system\CodeIgniter.php(404): CodeIgniter\CodeIgniter->runController(Object(App\Controllers\Home))
#2 C:\OSPanel\OpenServer\domains\helper\system\CodeIgniter.php(312): CodeIgniter\CodeIgniter->handleRequest(NULL, Object(Config\Cache), false)
#3 C:\OSPanel\OpenServer\domains\helper\index.php(45): CodeIgniter\CodeIgniter->run()
#4 {main}
CRITICAL - 2020-07-21 03:02:48 --> Too few arguments to function App\Controllers\Home::changeStatus(), 1 passed in C:\OSPanel\OpenServer\domains\helper\system\CodeIgniter.php on line 918 and exactly 2 expected
#0 C:\OSPanel\OpenServer\domains\helper\system\CodeIgniter.php(918): App\Controllers\Home->changeStatus('2')
#1 C:\OSPanel\OpenServer\domains\helper\system\CodeIgniter.php(404): CodeIgniter\CodeIgniter->runController(Object(App\Controllers\Home))
#2 C:\OSPanel\OpenServer\domains\helper\system\CodeIgniter.php(312): CodeIgniter\CodeIgniter->handleRequest(NULL, Object(Config\Cache), false)
#3 C:\OSPanel\OpenServer\domains\helper\index.php(45): CodeIgniter\CodeIgniter->run()
#4 {main}
CRITICAL - 2020-07-21 03:02:48 --> Too few arguments to function App\Controllers\Home::changeStatus(), 1 passed in C:\OSPanel\OpenServer\domains\helper\system\CodeIgniter.php on line 918 and exactly 2 expected
#0 C:\OSPanel\OpenServer\domains\helper\system\CodeIgniter.php(918): App\Controllers\Home->changeStatus('2')
#1 C:\OSPanel\OpenServer\domains\helper\system\CodeIgniter.php(404): CodeIgniter\CodeIgniter->runController(Object(App\Controllers\Home))
#2 C:\OSPanel\OpenServer\domains\helper\system\CodeIgniter.php(312): CodeIgniter\CodeIgniter->handleRequest(NULL, Object(Config\Cache), false)
#3 C:\OSPanel\OpenServer\domains\helper\index.php(45): CodeIgniter\CodeIgniter->run()
#4 {main}
CRITICAL - 2020-07-21 03:02:48 --> Too few arguments to function App\Controllers\Home::changeStatus(), 1 passed in C:\OSPanel\OpenServer\domains\helper\system\CodeIgniter.php on line 918 and exactly 2 expected
#0 C:\OSPanel\OpenServer\domains\helper\system\CodeIgniter.php(918): App\Controllers\Home->changeStatus('2')
#1 C:\OSPanel\OpenServer\domains\helper\system\CodeIgniter.php(404): CodeIgniter\CodeIgniter->runController(Object(App\Controllers\Home))
#2 C:\OSPanel\OpenServer\domains\helper\system\CodeIgniter.php(312): CodeIgniter\CodeIgniter->handleRequest(NULL, Object(Config\Cache), false)
#3 C:\OSPanel\OpenServer\domains\helper\index.php(45): CodeIgniter\CodeIgniter->run()
#4 {main}
CRITICAL - 2020-07-21 03:02:48 --> Too few arguments to function App\Controllers\Home::changeStatus(), 1 passed in C:\OSPanel\OpenServer\domains\helper\system\CodeIgniter.php on line 918 and exactly 2 expected
#0 C:\OSPanel\OpenServer\domains\helper\system\CodeIgniter.php(918): App\Controllers\Home->changeStatus('2')
#1 C:\OSPanel\OpenServer\domains\helper\system\CodeIgniter.php(404): CodeIgniter\CodeIgniter->runController(Object(App\Controllers\Home))
#2 C:\OSPanel\OpenServer\domains\helper\system\CodeIgniter.php(312): CodeIgniter\CodeIgniter->handleRequest(NULL, Object(Config\Cache), false)
#3 C:\OSPanel\OpenServer\domains\helper\index.php(45): CodeIgniter\CodeIgniter->run()
#4 {main}
CRITICAL - 2020-07-21 04:29:11 --> Call to undefined method App\Models\TicketModel::auth
#0 C:\OSPanel\OpenServer\domains\helper\app\Controllers\Home.php(49): CodeIgniter\Model->__call('auth', Array)
#1 C:\OSPanel\OpenServer\domains\helper\system\CodeIgniter.php(918): App\Controllers\Home->auth()
#2 C:\OSPanel\OpenServer\domains\helper\system\CodeIgniter.php(404): CodeIgniter\CodeIgniter->runController(Object(App\Controllers\Home))
#3 C:\OSPanel\OpenServer\domains\helper\system\CodeIgniter.php(312): CodeIgniter\CodeIgniter->handleRequest(NULL, Object(Config\Cache), false)
#4 C:\OSPanel\OpenServer\domains\helper\index.php(45): CodeIgniter\CodeIgniter->run()
#5 {main}
CRITICAL - 2020-07-21 04:30:06 --> Call to undefined method App\Models\TicketModel::auth
#0 C:\OSPanel\OpenServer\domains\helper\app\Controllers\Home.php(49): CodeIgniter\Model->__call('auth', Array)
#1 C:\OSPanel\OpenServer\domains\helper\system\CodeIgniter.php(918): App\Controllers\Home->auth('kudin', '455000')
#2 C:\OSPanel\OpenServer\domains\helper\system\CodeIgniter.php(404): CodeIgniter\CodeIgniter->runController(Object(App\Controllers\Home))
#3 C:\OSPanel\OpenServer\domains\helper\system\CodeIgniter.php(312): CodeIgniter\CodeIgniter->handleRequest(NULL, Object(Config\Cache), false)
#4 C:\OSPanel\OpenServer\domains\helper\index.php(45): CodeIgniter\CodeIgniter->run()
#5 {main}
CRITICAL - 2020-07-21 04:54:42 --> hash(): Unknown hashing algorithm: 42d8aad2ae4cec82c0acf23f65a64af9
#0 [internal function]: CodeIgniter\Debug\Exceptions->errorHandler(2, 'hash(): Unknown...', 'C:\\OSPanel\\Open...', 34, Array)
#1 C:\OSPanel\OpenServer\domains\helper\app\Models\TicketModel.php(34): hash('42d8aad2ae4cec8...', '1')
#2 C:\OSPanel\OpenServer\domains\helper\app\Controllers\Home.php(49): App\Models\TicketModel->auth('kudin', '455000')
#3 C:\OSPanel\OpenServer\domains\helper\system\CodeIgniter.php(918): App\Controllers\Home->auth('kudin', '455000')
#4 C:\OSPanel\OpenServer\domains\helper\system\CodeIgniter.php(404): CodeIgniter\CodeIgniter->runController(Object(App\Controllers\Home))
#5 C:\OSPanel\OpenServer\domains\helper\system\CodeIgniter.php(312): CodeIgniter\CodeIgniter->handleRequest(NULL, Object(Config\Cache), false)
#6 C:\OSPanel\OpenServer\domains\helper\index.php(45): CodeIgniter\CodeIgniter->run()
#7 {main}
CRITICAL - 2020-07-21 04:55:20 --> hash(): Unknown hashing algorithm: 42d8aad2ae4cec82c0acf23f65a64af9
#0 [internal function]: CodeIgniter\Debug\Exceptions->errorHandler(2, 'hash(): Unknown...', 'C:\\OSPanel\\Open...', 33, Array)
#1 C:\OSPanel\OpenServer\domains\helper\app\Models\TicketModel.php(33): hash('42d8aad2ae4cec8...', '1')
#2 C:\OSPanel\OpenServer\domains\helper\app\Controllers\Home.php(49): App\Models\TicketModel->auth('kudin', '455000')
#3 C:\OSPanel\OpenServer\domains\helper\system\CodeIgniter.php(918): App\Controllers\Home->auth('kudin', '455000')
#4 C:\OSPanel\OpenServer\domains\helper\system\CodeIgniter.php(404): CodeIgniter\CodeIgniter->runController(Object(App\Controllers\Home))
#5 C:\OSPanel\OpenServer\domains\helper\system\CodeIgniter.php(312): CodeIgniter\CodeIgniter->handleRequest(NULL, Object(Config\Cache), false)
#6 C:\OSPanel\OpenServer\domains\helper\index.php(45): CodeIgniter\CodeIgniter->run()
#7 {main}
CRITICAL - 2020-07-21 04:55:27 --> hash() expects at least 2 parameters, 1 given
#0 [internal function]: CodeIgniter\Debug\Exceptions->errorHandler(2, 'hash() expects ...', 'C:\\OSPanel\\Open...', 33, Array)
#1 C:\OSPanel\OpenServer\domains\helper\app\Models\TicketModel.php(33): hash('42d8aad2ae4cec8...')
#2 C:\OSPanel\OpenServer\domains\helper\app\Controllers\Home.php(49): App\Models\TicketModel->auth('kudin', '455000')
#3 C:\OSPanel\OpenServer\domains\helper\system\CodeIgniter.php(918): App\Controllers\Home->auth('kudin', '455000')
#4 C:\OSPanel\OpenServer\domains\helper\system\CodeIgniter.php(404): CodeIgniter\CodeIgniter->runController(Object(App\Controllers\Home))
#5 C:\OSPanel\OpenServer\domains\helper\system\CodeIgniter.php(312): CodeIgniter\CodeIgniter->handleRequest(NULL, Object(Config\Cache), false)
#6 C:\OSPanel\OpenServer\domains\helper\index.php(45): CodeIgniter\CodeIgniter->run()
#7 {main}
CRITICAL - 2020-07-21 04:55:28 --> hash() expects at least 2 parameters, 1 given
#0 [internal function]: CodeIgniter\Debug\Exceptions->errorHandler(2, 'hash() expects ...', 'C:\\OSPanel\\Open...', 33, Array)
#1 C:\OSPanel\OpenServer\domains\helper\app\Models\TicketModel.php(33): hash('42d8aad2ae4cec8...')
#2 C:\OSPanel\OpenServer\domains\helper\app\Controllers\Home.php(49): App\Models\TicketModel->auth('kudin', '455000')
#3 C:\OSPanel\OpenServer\domains\helper\system\CodeIgniter.php(918): App\Controllers\Home->auth('kudin', '455000')
#4 C:\OSPanel\OpenServer\domains\helper\system\CodeIgniter.php(404): CodeIgniter\CodeIgniter->runController(Object(App\Controllers\Home))
#5 C:\OSPanel\OpenServer\domains\helper\system\CodeIgniter.php(312): CodeIgniter\CodeIgniter->handleRequest(NULL, Object(Config\Cache), false)
#6 C:\OSPanel\OpenServer\domains\helper\index.php(45): CodeIgniter\CodeIgniter->run()
#7 {main}
CRITICAL - 2020-07-21 04:55:36 --> hash() expects at least 2 parameters, 1 given
#0 [internal function]: CodeIgniter\Debug\Exceptions->errorHandler(2, 'hash() expects ...', 'C:\\OSPanel\\Open...', 33, Array)
#1 C:\OSPanel\OpenServer\domains\helper\app\Models\TicketModel.php(33): hash('455000')
#2 C:\OSPanel\OpenServer\domains\helper\app\Controllers\Home.php(49): App\Models\TicketModel->auth('kudin', '455000')
#3 C:\OSPanel\OpenServer\domains\helper\system\CodeIgniter.php(918): App\Controllers\Home->auth('kudin', '455000')
#4 C:\OSPanel\OpenServer\domains\helper\system\CodeIgniter.php(404): CodeIgniter\CodeIgniter->runController(Object(App\Controllers\Home))
#5 C:\OSPanel\OpenServer\domains\helper\system\CodeIgniter.php(312): CodeIgniter\CodeIgniter->handleRequest(NULL, Object(Config\Cache), false)
#6 C:\OSPanel\OpenServer\domains\helper\index.php(45): CodeIgniter\CodeIgniter->run()
#7 {main}
CRITICAL - 2020-07-21 04:55:37 --> hash() expects at least 2 parameters, 1 given
#0 [internal function]: CodeIgniter\Debug\Exceptions->errorHandler(2, 'hash() expects ...', 'C:\\OSPanel\\Open...', 33, Array)
#1 C:\OSPanel\OpenServer\domains\helper\app\Models\TicketModel.php(33): hash('455000')
#2 C:\OSPanel\OpenServer\domains\helper\app\Controllers\Home.php(49): App\Models\TicketModel->auth('kudin', '455000')
#3 C:\OSPanel\OpenServer\domains\helper\system\CodeIgniter.php(918): App\Controllers\Home->auth('kudin', '455000')
#4 C:\OSPanel\OpenServer\domains\helper\system\CodeIgniter.php(404): CodeIgniter\CodeIgniter->runController(Object(App\Controllers\Home))
#5 C:\OSPanel\OpenServer\domains\helper\system\CodeIgniter.php(312): CodeIgniter\CodeIgniter->handleRequest(NULL, Object(Config\Cache), false)
#6 C:\OSPanel\OpenServer\domains\helper\index.php(45): CodeIgniter\CodeIgniter->run()
#7 {main}
CRITICAL - 2020-07-21 04:55:47 --> hash() expects at least 2 parameters, 1 given
#0 [internal function]: CodeIgniter\Debug\Exceptions->errorHandler(2, 'hash() expects ...', 'C:\\OSPanel\\Open...', 33, Array)
#1 C:\OSPanel\OpenServer\domains\helper\app\Models\TicketModel.php(33): hash('455000')
#2 C:\OSPanel\OpenServer\domains\helper\app\Controllers\Home.php(49): App\Models\TicketModel->auth('kudin', '455000')
#3 C:\OSPanel\OpenServer\domains\helper\system\CodeIgniter.php(918): App\Controllers\Home->auth('kudin', '455000')
#4 C:\OSPanel\OpenServer\domains\helper\system\CodeIgniter.php(404): CodeIgniter\CodeIgniter->runController(Object(App\Controllers\Home))
#5 C:\OSPanel\OpenServer\domains\helper\system\CodeIgniter.php(312): CodeIgniter\CodeIgniter->handleRequest(NULL, Object(Config\Cache), false)
#6 C:\OSPanel\OpenServer\domains\helper\index.php(45): CodeIgniter\CodeIgniter->run()
#7 {main}
CRITICAL - 2020-07-21 04:55:58 --> hash() expects at least 2 parameters, 1 given
#0 [internal function]: CodeIgniter\Debug\Exceptions->errorHandler(2, 'hash() expects ...', 'C:\\OSPanel\\Open...', 33, Array)
#1 C:\OSPanel\OpenServer\domains\helper\app\Models\TicketModel.php(33): hash('455000')
#2 C:\OSPanel\OpenServer\domains\helper\app\Controllers\Home.php(49): App\Models\TicketModel->auth('kudin', '455000')
#3 C:\OSPanel\OpenServer\domains\helper\system\CodeIgniter.php(918): App\Controllers\Home->auth('kudin', '455000')
#4 C:\OSPanel\OpenServer\domains\helper\system\CodeIgniter.php(404): CodeIgniter\CodeIgniter->runController(Object(App\Controllers\Home))
#5 C:\OSPanel\OpenServer\domains\helper\system\CodeIgniter.php(312): CodeIgniter\CodeIgniter->handleRequest(NULL, Object(Config\Cache), false)
#6 C:\OSPanel\OpenServer\domains\helper\index.php(45): CodeIgniter\CodeIgniter->run()
#7 {main}
CRITICAL - 2020-07-21 04:55:59 --> hash() expects at least 2 parameters, 1 given
#0 [internal function]: CodeIgniter\Debug\Exceptions->errorHandler(2, 'hash() expects ...', 'C:\\OSPanel\\Open...', 33, Array)
#1 C:\OSPanel\OpenServer\domains\helper\app\Models\TicketModel.php(33): hash('455000')
#2 C:\OSPanel\OpenServer\domains\helper\app\Controllers\Home.php(49): App\Models\TicketModel->auth('kudin', '455000')
#3 C:\OSPanel\OpenServer\domains\helper\system\CodeIgniter.php(918): App\Controllers\Home->auth('kudin', '455000')
#4 C:\OSPanel\OpenServer\domains\helper\system\CodeIgniter.php(404): CodeIgniter\CodeIgniter->runController(Object(App\Controllers\Home))
#5 C:\OSPanel\OpenServer\domains\helper\system\CodeIgniter.php(312): CodeIgniter\CodeIgniter->handleRequest(NULL, Object(Config\Cache), false)
#6 C:\OSPanel\OpenServer\domains\helper\index.php(45): CodeIgniter\CodeIgniter->run()
#7 {main}
CRITICAL - 2020-07-21 05:16:22 --> syntax error, unexpected '}', expecting ',' or ';'
#0 C:\OSPanel\OpenServer\domains\helper\system\Autoloader\Autoloader.php(296): CodeIgniter\Autoloader\Autoloader->requireFile('C:\\OSPanel\\Open...')
#1 C:\OSPanel\OpenServer\domains\helper\system\Autoloader\Autoloader.php(258): CodeIgniter\Autoloader\Autoloader->loadInNamespace('App\\Models\\Tick...')
#2 [internal function]: CodeIgniter\Autoloader\Autoloader->loadClass('App\\Models\\Tick...')
#3 C:\OSPanel\OpenServer\domains\helper\app\Controllers\Home.php(48): spl_autoload_call('App\\Models\\Tick...')
#4 C:\OSPanel\OpenServer\domains\helper\system\CodeIgniter.php(918): App\Controllers\Home->auth('kudin', '455000')
#5 C:\OSPanel\OpenServer\domains\helper\system\CodeIgniter.php(404): CodeIgniter\CodeIgniter->runController(Object(App\Controllers\Home))
#6 C:\OSPanel\OpenServer\domains\helper\system\CodeIgniter.php(312): CodeIgniter\CodeIgniter->handleRequest(NULL, Object(Config\Cache), false)
#7 C:\OSPanel\OpenServer\domains\helper\index.php(45): CodeIgniter\CodeIgniter->run()
#8 {main}
CRITICAL - 2020-07-21 05:17:59 --> syntax error, unexpected '?>', expecting function (T_FUNCTION) or const (T_CONST)
#0 C:\OSPanel\OpenServer\domains\helper\system\Autoloader\Autoloader.php(296): CodeIgniter\Autoloader\Autoloader->requireFile('C:\\OSPanel\\Open...')
#1 C:\OSPanel\OpenServer\domains\helper\system\Autoloader\Autoloader.php(258): CodeIgniter\Autoloader\Autoloader->loadInNamespace('App\\Models\\Tick...')
#2 [internal function]: CodeIgniter\Autoloader\Autoloader->loadClass('App\\Models\\Tick...')
#3 C:\OSPanel\OpenServer\domains\helper\app\Controllers\Home.php(48): spl_autoload_call('App\\Models\\Tick...')
#4 C:\OSPanel\OpenServer\domains\helper\system\CodeIgniter.php(918): App\Controllers\Home->auth('kudin', '455000')
#5 C:\OSPanel\OpenServer\domains\helper\system\CodeIgniter.php(404): CodeIgniter\CodeIgniter->runController(Object(App\Controllers\Home))
#6 C:\OSPanel\OpenServer\domains\helper\system\CodeIgniter.php(312): CodeIgniter\CodeIgniter->handleRequest(NULL, Object(Config\Cache), false)
#7 C:\OSPanel\OpenServer\domains\helper\index.php(45): CodeIgniter\CodeIgniter->run()
#8 {main}
CRITICAL - 2020-07-21 05:40:32 --> Call to undefined method CodeIgniter\Database\MySQLi\Builder::inser()
#0 C:\OSPanel\OpenServer\domains\helper\app\Controllers\Home.php(49): App\Models\TicketModel->auth('kudin', '455000')
#1 C:\OSPanel\OpenServer\domains\helper\system\CodeIgniter.php(918): App\Controllers\Home->auth('kudin', '455000')
#2 C:\OSPanel\OpenServer\domains\helper\system\CodeIgniter.php(404): CodeIgniter\CodeIgniter->runController(Object(App\Controllers\Home))
#3 C:\OSPanel\OpenServer\domains\helper\system\CodeIgniter.php(312): CodeIgniter\CodeIgniter->handleRequest(NULL, Object(Config\Cache), false)
#4 C:\OSPanel\OpenServer\domains\helper\index.php(45): CodeIgniter\CodeIgniter->run()
#5 {main}
CRITICAL - 2020-07-21 05:40:48 --> Call to undefined method CodeIgniter\Database\MySQLi\Builder::inser()
#0 C:\OSPanel\OpenServer\domains\helper\app\Controllers\Home.php(49): App\Models\TicketModel->auth('kudin', '455000')
#1 C:\OSPanel\OpenServer\domains\helper\system\CodeIgniter.php(918): App\Controllers\Home->auth('kudin', '455000')
#2 C:\OSPanel\OpenServer\domains\helper\system\CodeIgniter.php(404): CodeIgniter\CodeIgniter->runController(Object(App\Controllers\Home))
#3 C:\OSPanel\OpenServer\domains\helper\system\CodeIgniter.php(312): CodeIgniter\CodeIgniter->handleRequest(NULL, Object(Config\Cache), false)
#4 C:\OSPanel\OpenServer\domains\helper\index.php(45): CodeIgniter\CodeIgniter->run()
#5 {main}
CRITICAL - 2020-07-21 05:40:58 --> Call to undefined method CodeIgniter\Database\MySQLi\Builder::inser()
#0 C:\OSPanel\OpenServer\domains\helper\app\Controllers\Home.php(49): App\Models\TicketModel->auth('kudin', '455000')
#1 C:\OSPanel\OpenServer\domains\helper\system\CodeIgniter.php(918): App\Controllers\Home->auth('kudin', '455000')
#2 C:\OSPanel\OpenServer\domains\helper\system\CodeIgniter.php(404): CodeIgniter\CodeIgniter->runController(Object(App\Controllers\Home))
#3 C:\OSPanel\OpenServer\domains\helper\system\CodeIgniter.php(312): CodeIgniter\CodeIgniter->handleRequest(NULL, Object(Config\Cache), false)
#4 C:\OSPanel\OpenServer\domains\helper\index.php(45): CodeIgniter\CodeIgniter->run()
#5 {main}
CRITICAL - 2020-07-21 06:04:37 --> Class 'App\Controllers\checkLogin' not found
#0 C:\OSPanel\OpenServer\domains\helper\system\CodeIgniter.php(918): App\Controllers\Home->index()
#1 C:\OSPanel\OpenServer\domains\helper\system\CodeIgniter.php(404): CodeIgniter\CodeIgniter->runController(Object(App\Controllers\Home))
#2 C:\OSPanel\OpenServer\domains\helper\system\CodeIgniter.php(312): CodeIgniter\CodeIgniter->handleRequest(NULL, Object(Config\Cache), false)
#3 C:\OSPanel\OpenServer\domains\helper\index.php(45): CodeIgniter\CodeIgniter->run()
#4 {main}
CRITICAL - 2020-07-21 06:04:59 --> Class 'App\Controllers\checkLogin' not found
#0 C:\OSPanel\OpenServer\domains\helper\system\CodeIgniter.php(918): App\Controllers\Home->index()
#1 C:\OSPanel\OpenServer\domains\helper\system\CodeIgniter.php(404): CodeIgniter\CodeIgniter->runController(Object(App\Controllers\Home))
#2 C:\OSPanel\OpenServer\domains\helper\system\CodeIgniter.php(312): CodeIgniter\CodeIgniter->handleRequest(NULL, Object(Config\Cache), false)
#3 C:\OSPanel\OpenServer\domains\helper\index.php(45): CodeIgniter\CodeIgniter->run()
#4 {main}
CRITICAL - 2020-07-21 06:05:10 --> Class 'App\Controllers\checkLogin' not found
#0 C:\OSPanel\OpenServer\domains\helper\system\CodeIgniter.php(918): App\Controllers\Home->index()
#1 C:\OSPanel\OpenServer\domains\helper\system\CodeIgniter.php(404): CodeIgniter\CodeIgniter->runController(Object(App\Controllers\Home))
#2 C:\OSPanel\OpenServer\domains\helper\system\CodeIgniter.php(312): CodeIgniter\CodeIgniter->handleRequest(NULL, Object(Config\Cache), false)
#3 C:\OSPanel\OpenServer\domains\helper\index.php(45): CodeIgniter\CodeIgniter->run()
#4 {main}
CRITICAL - 2020-07-21 06:05:26 --> Class 'App\Controllers\checkLogin' not found
#0 C:\OSPanel\OpenServer\domains\helper\system\CodeIgniter.php(918): App\Controllers\Home->index()
#1 C:\OSPanel\OpenServer\domains\helper\system\CodeIgniter.php(404): CodeIgniter\CodeIgniter->runController(Object(App\Controllers\Home))
#2 C:\OSPanel\OpenServer\domains\helper\system\CodeIgniter.php(312): CodeIgniter\CodeIgniter->handleRequest(NULL, Object(Config\Cache), false)
#3 C:\OSPanel\OpenServer\domains\helper\index.php(45): CodeIgniter\CodeIgniter->run()
#4 {main}
CRITICAL - 2020-07-21 06:05:27 --> Class 'App\Controllers\checkLogin' not found
#0 C:\OSPanel\OpenServer\domains\helper\system\CodeIgniter.php(918): App\Controllers\Home->index()
#1 C:\OSPanel\OpenServer\domains\helper\system\CodeIgniter.php(404): CodeIgniter\CodeIgniter->runController(Object(App\Controllers\Home))
#2 C:\OSPanel\OpenServer\domains\helper\system\CodeIgniter.php(312): CodeIgniter\CodeIgniter->handleRequest(NULL, Object(Config\Cache), false)
#3 C:\OSPanel\OpenServer\domains\helper\index.php(45): CodeIgniter\CodeIgniter->run()
#4 {main}
CRITICAL - 2020-07-21 06:06:58 --> Class 'App\Controllers\checkLogin' not found
#0 C:\OSPanel\OpenServer\domains\helper\system\CodeIgniter.php(918): App\Controllers\Home->index()
#1 C:\OSPanel\OpenServer\domains\helper\system\CodeIgniter.php(404): CodeIgniter\CodeIgniter->runController(Object(App\Controllers\Home))
#2 C:\OSPanel\OpenServer\domains\helper\system\CodeIgniter.php(312): CodeIgniter\CodeIgniter->handleRequest(NULL, Object(Config\Cache), false)
#3 C:\OSPanel\OpenServer\domains\helper\index.php(45): CodeIgniter\CodeIgniter->run()
#4 {main}
CRITICAL - 2020-07-21 06:08:30 --> Cannot use object of type stdClass as array
#0 C:\OSPanel\OpenServer\domains\helper\app\Controllers\Home.php(16): App\Models\TicketModel->checkLogin('b803d59a1deaef4...', 'kudin')
#1 C:\OSPanel\OpenServer\domains\helper\system\CodeIgniter.php(918): App\Controllers\Home->index()
#2 C:\OSPanel\OpenServer\domains\helper\system\CodeIgniter.php(404): CodeIgniter\CodeIgniter->runController(Object(App\Controllers\Home))
#3 C:\OSPanel\OpenServer\domains\helper\system\CodeIgniter.php(312): CodeIgniter\CodeIgniter->handleRequest(NULL, Object(Config\Cache), false)
#4 C:\OSPanel\OpenServer\domains\helper\index.php(45): CodeIgniter\CodeIgniter->run()
#5 {main}
CRITICAL - 2020-07-21 06:15:28 --> Cannot use object of type stdClass as array
#0 C:\OSPanel\OpenServer\domains\helper\app\Controllers\Home.php(16): App\Models\TicketModel->checkLogin('b803d59a1deaef4...', 'kudin')
#1 C:\OSPanel\OpenServer\domains\helper\system\CodeIgniter.php(918): App\Controllers\Home->index()
#2 C:\OSPanel\OpenServer\domains\helper\system\CodeIgniter.php(404): CodeIgniter\CodeIgniter->runController(Object(App\Controllers\Home))
#3 C:\OSPanel\OpenServer\domains\helper\system\CodeIgniter.php(312): CodeIgniter\CodeIgniter->handleRequest(NULL, Object(Config\Cache), false)
#4 C:\OSPanel\OpenServer\domains\helper\index.php(45): CodeIgniter\CodeIgniter->run()
#5 {main}
CRITICAL - 2020-07-21 06:38:42 -->  route cannot be found while reverse-routing.
#0 C:\OSPanel\OpenServer\domains\helper\system\HTTP\RedirectResponse.php(92): CodeIgniter\HTTP\Exceptions\HTTPException::forInvalidRedirectRoute('')
#1 C:\OSPanel\OpenServer\domains\helper\system\Common.php(845): CodeIgniter\HTTP\RedirectResponse->route(false)
#2 C:\OSPanel\OpenServer\domains\helper\app\Controllers\Home.php(63): redirect('https://localho...')
#3 C:\OSPanel\OpenServer\domains\helper\system\CodeIgniter.php(918): App\Controllers\Home->auth()
#4 C:\OSPanel\OpenServer\domains\helper\system\CodeIgniter.php(404): CodeIgniter\CodeIgniter->runController(Object(App\Controllers\Home))
#5 C:\OSPanel\OpenServer\domains\helper\system\CodeIgniter.php(312): CodeIgniter\CodeIgniter->handleRequest(NULL, Object(Config\Cache), false)
#6 C:\OSPanel\OpenServer\domains\helper\index.php(45): CodeIgniter\CodeIgniter->run()
#7 {main}
CRITICAL - 2020-07-21 06:38:54 -->  route cannot be found while reverse-routing.
#0 C:\OSPanel\OpenServer\domains\helper\system\HTTP\RedirectResponse.php(92): CodeIgniter\HTTP\Exceptions\HTTPException::forInvalidRedirectRoute('')
#1 C:\OSPanel\OpenServer\domains\helper\system\Common.php(845): CodeIgniter\HTTP\RedirectResponse->route(false)
#2 C:\OSPanel\OpenServer\domains\helper\app\Controllers\Home.php(63): redirect('google.com')
#3 C:\OSPanel\OpenServer\domains\helper\system\CodeIgniter.php(918): App\Controllers\Home->auth()
#4 C:\OSPanel\OpenServer\domains\helper\system\CodeIgniter.php(404): CodeIgniter\CodeIgniter->runController(Object(App\Controllers\Home))
#5 C:\OSPanel\OpenServer\domains\helper\system\CodeIgniter.php(312): CodeIgniter\CodeIgniter->handleRequest(NULL, Object(Config\Cache), false)
#6 C:\OSPanel\OpenServer\domains\helper\index.php(45): CodeIgniter\CodeIgniter->run()
#7 {main}
CRITICAL - 2020-07-21 06:39:00 -->  route cannot be found while reverse-routing.
#0 C:\OSPanel\OpenServer\domains\helper\system\HTTP\RedirectResponse.php(92): CodeIgniter\HTTP\Exceptions\HTTPException::forInvalidRedirectRoute('')
#1 C:\OSPanel\OpenServer\domains\helper\system\Common.php(845): CodeIgniter\HTTP\RedirectResponse->route(false)
#2 C:\OSPanel\OpenServer\domains\helper\app\Controllers\Home.php(63): redirect('google.com')
#3 C:\OSPanel\OpenServer\domains\helper\system\CodeIgniter.php(918): App\Controllers\Home->auth()
#4 C:\OSPanel\OpenServer\domains\helper\system\CodeIgniter.php(404): CodeIgniter\CodeIgniter->runController(Object(App\Controllers\Home))
#5 C:\OSPanel\OpenServer\domains\helper\system\CodeIgniter.php(312): CodeIgniter\CodeIgniter->handleRequest(NULL, Object(Config\Cache), false)
#6 C:\OSPanel\OpenServer\domains\helper\index.php(45): CodeIgniter\CodeIgniter->run()
#7 {main}
